<?xml version="1.0" encoding="UTF-8"?>
<testsuite xmlns:xsi="http://www.w3.org/2001/XMLSchema-instance" xsi:noNamespaceSchemaLocation="https://maven.apache.org/surefire/maven-failsafe-plugin/xsd/failsafe-test-report-3.0.xsd" version="3.0" name="com.example.userroleservice.controller.UserControllerIntegrationTest" time="14.873" tests="6" errors="0" skipped="0" failures="0">
  <properties>
[...]
</properties>
  <testcase name="createRole_Success" classname="com.example.userroleservice.controller.UserControllerIntegrationTest" time="1.504">
    <system-out><![CDATA[12:17:10.756 [main] INFO org.springframework.test.context.support.AnnotationConfigContextLoaderUtils -- Could not detect default configuration classes for test class [com.example.userroleservice.controller.UserControllerIntegrationTest]: UserControllerIntegrationTest does not declare any static, non-private, non-final, nested classes annotated with @Configuration.
12:17:10.960 [main] INFO org.springframework.boot.test.context.SpringBootTestContextBootstrapper -- Found @SpringBootConfiguration com.example.userroleservice.UserRoleServiceApplication for test class com.example.userroleservice.controller.UserControllerIntegrationTest

  .   ____          _            __ _ _
 /\\ / ___'_ __ _ _(_)_ __  __ _ \ \ \ \
( ( )\___ | '_ | '_| | '_ \/ _` | \ \ \ \
 \\/  ___)| |_)| | | | | || (_| |  ) ) ) )
  '  |____| .__|_| |_|_| |_\__, | / / / /
 =========|_|==============|___/=/_/_/_/
 :: Spring Boot ::                (v3.2.3)

2025-06-06T12:17:13.898+05:30  INFO 16320 --- [user-service] [           main] c.e.u.c.UserControllerIntegrationTest    : Starting UserControllerIntegrationTest using Java 21.0.7 with PID 16320 (started by fredrick.gnanaraj in C:\Users\fredrick.gnanaraj\training projects\source\user role module)
2025-06-06T12:17:13.901+05:30  INFO 16320 --- [user-service] [           main] c.e.u.c.UserControllerIntegrationTest    : The following 1 profile is active: "test"
2025-06-06T12:17:13.936+05:30  INFO 16320 --- [user-service] [           main] o.s.c.c.c.ConfigServerConfigDataLoader   : Fetching config from server at : http://localhost:8888
2025-06-06T12:17:13.937+05:30  INFO 16320 --- [user-service] [           main] o.s.c.c.c.ConfigServerConfigDataLoader   : Located environment: name=user-service, profiles=[default], label=null, version=bf2a1eda17a583e7e3474a9ccf3c8b18ec8796d3, state=
2025-06-06T12:17:13.937+05:30  INFO 16320 --- [user-service] [           main] o.s.v.c.e.LeaseAwareVaultPropertySource  : Vault location [secret/user-service/test] not resolvable: Not found
2025-06-06T12:17:13.937+05:30  INFO 16320 --- [user-service] [           main] o.s.v.c.e.LeaseAwareVaultPropertySource  : Vault location [secret/application/test] not resolvable: Not found
2025-06-06T12:17:13.937+05:30  INFO 16320 --- [user-service] [           main] o.s.v.c.e.LeaseAwareVaultPropertySource  : Vault location [secret/application] not resolvable: Not found
2025-06-06T12:17:13.937+05:30  INFO 16320 --- [user-service] [           main] o.s.c.c.c.ConfigServerConfigDataLoader   : Fetching config from server at : http://localhost:8888
2025-06-06T12:17:13.937+05:30  INFO 16320 --- [user-service] [           main] o.s.c.c.c.ConfigServerConfigDataLoader   : Located environment: name=user-service, profiles=[test], label=null, version=bf2a1eda17a583e7e3474a9ccf3c8b18ec8796d3, state=
2025-06-06T12:17:15.504+05:30  INFO 16320 --- [user-service] [           main] .s.d.r.c.RepositoryConfigurationDelegate : Multiple Spring Data modules found, entering strict repository configuration mode
2025-06-06T12:17:15.507+05:30  INFO 16320 --- [user-service] [           main] .s.d.r.c.RepositoryConfigurationDelegate : Bootstrapping Spring Data JPA repositories in DEFAULT mode.
2025-06-06T12:17:15.791+05:30  INFO 16320 --- [user-service] [           main] .s.d.r.c.RepositoryConfigurationDelegate : Finished Spring Data repository scanning in 269 ms. Found 2 JPA repository interfaces.
2025-06-06T12:17:15.828+05:30  INFO 16320 --- [user-service] [           main] .s.d.r.c.RepositoryConfigurationDelegate : Multiple Spring Data modules found, entering strict repository configuration mode
2025-06-06T12:17:15.830+05:30  INFO 16320 --- [user-service] [           main] .s.d.r.c.RepositoryConfigurationDelegate : Bootstrapping Spring Data Redis repositories in DEFAULT mode.
2025-06-06T12:17:15.868+05:30  INFO 16320 --- [user-service] [           main] .RepositoryConfigurationExtensionSupport : Spring Data Redis - Could not safely identify store assignment for repository candidate interface com.example.userroleservice.repository.RoleRepository; If you want this repository to be a Redis repository, consider annotating your entities with one of these annotations: org.springframework.data.redis.core.RedisHash (preferred), or consider extending one of the following types with your repository: org.springframework.data.keyvalue.repository.KeyValueRepository
2025-06-06T12:17:15.869+05:30  INFO 16320 --- [user-service] [           main] .RepositoryConfigurationExtensionSupport : Spring Data Redis - Could not safely identify store assignment for repository candidate interface com.example.userroleservice.repository.UserRepository; If you want this repository to be a Redis repository, consider annotating your entities with one of these annotations: org.springframework.data.redis.core.RedisHash (preferred), or consider extending one of the following types with your repository: org.springframework.data.keyvalue.repository.KeyValueRepository
2025-06-06T12:17:15.869+05:30  INFO 16320 --- [user-service] [           main] .s.d.r.c.RepositoryConfigurationDelegate : Finished Spring Data repository scanning in 15 ms. Found 0 Redis repository interfaces.
2025-06-06T12:17:16.431+05:30  INFO 16320 --- [user-service] [           main] o.s.cloud.context.scope.GenericScope     : BeanFactory id=70ee98dc-6cff-31a2-879b-ed1a6fc6697d
2025-06-06T12:17:16.780+05:30  WARN 16320 --- [user-service] [           main] trationDelegate$BeanPostProcessorChecker : Bean 'org.springframework.cloud.client.loadbalancer.LoadBalancerAutoConfiguration$LoadBalancerInterceptorConfig' of type [org.springframework.cloud.client.loadbalancer.LoadBalancerAutoConfiguration$LoadBalancerInterceptorConfig] is not eligible for getting processed by all BeanPostProcessors (for example: not eligible for auto-proxying). The currently created BeanPostProcessor [lbRestClientPostProcessor] is declared through a non-static factory method on that class; consider declaring it as static instead.
2025-06-06T12:17:16.784+05:30  WARN 16320 --- [user-service] [           main] trationDelegate$BeanPostProcessorChecker : Bean 'org.springframework.cloud.loadbalancer.config.BlockingLoadBalancerClientAutoConfiguration' of type [org.springframework.cloud.loadbalancer.config.BlockingLoadBalancerClientAutoConfiguration] is not eligible for getting processed by all BeanPostProcessors (for example: not eligible for auto-proxying). Is this bean getting eagerly injected into a currently created BeanPostProcessor [lbRestClientPostProcessor]? Check the corresponding BeanPostProcessor declaration and its dependencies.
2025-06-06T12:17:16.786+05:30  WARN 16320 --- [user-service] [           main] trationDelegate$BeanPostProcessorChecker : Bean 'org.springframework.cloud.loadbalancer.config.LoadBalancerAutoConfiguration' of type [org.springframework.cloud.loadbalancer.config.LoadBalancerAutoConfiguration] is not eligible for getting processed by all BeanPostProcessors (for example: not eligible for auto-proxying). Is this bean getting eagerly injected into a currently created BeanPostProcessor [lbRestClientPostProcessor]? Check the corresponding BeanPostProcessor declaration and its dependencies.
2025-06-06T12:17:16.798+05:30  WARN 16320 --- [user-service] [           main] trationDelegate$BeanPostProcessorChecker : Bean 'org.springframework.cloud.commons.config.CommonsConfigAutoConfiguration' of type [org.springframework.cloud.commons.config.CommonsConfigAutoConfiguration] is not eligible for getting processed by all BeanPostProcessors (for example: not eligible for auto-proxying). Is this bean getting eagerly injected into a currently created BeanPostProcessor [lbRestClientPostProcessor]? Check the corresponding BeanPostProcessor declaration and its dependencies.
2025-06-06T12:17:16.800+05:30  WARN 16320 --- [user-service] [           main] trationDelegate$BeanPostProcessorChecker : Bean 'org.springframework.cloud.client.loadbalancer.LoadBalancerDefaultMappingsProviderAutoConfiguration' of type [org.springframework.cloud.client.loadbalancer.LoadBalancerDefaultMappingsProviderAutoConfiguration] is not eligible for getting processed by all BeanPostProcessors (for example: not eligible for auto-proxying). Is this bean getting eagerly injected into a currently created BeanPostProcessor [lbRestClientPostProcessor]? Check the corresponding BeanPostProcessor declaration and its dependencies.
2025-06-06T12:17:16.801+05:30  WARN 16320 --- [user-service] [           main] trationDelegate$BeanPostProcessorChecker : Bean 'loadBalancerClientsDefaultsMappingsProvider' of type [org.springframework.cloud.client.loadbalancer.LoadBalancerDefaultMappingsProviderAutoConfiguration$$Lambda/0x00000237995fc4c0] is not eligible for getting processed by all BeanPostProcessors (for example: not eligible for auto-proxying). Is this bean getting eagerly injected into a currently created BeanPostProcessor [lbRestClientPostProcessor]? Check the corresponding BeanPostProcessor declaration and its dependencies.
2025-06-06T12:17:16.803+05:30  WARN 16320 --- [user-service] [           main] trationDelegate$BeanPostProcessorChecker : Bean 'defaultsBindHandlerAdvisor' of type [org.springframework.cloud.commons.config.DefaultsBindHandlerAdvisor] is not eligible for getting processed by all BeanPostProcessors (for example: not eligible for auto-proxying). Is this bean getting eagerly injected into a currently created BeanPostProcessor [lbRestClientPostProcessor]? Check the corresponding BeanPostProcessor declaration and its dependencies.
2025-06-06T12:17:16.812+05:30  WARN 16320 --- [user-service] [           main] trationDelegate$BeanPostProcessorChecker : Bean 'spring.cloud.loadbalancer-org.springframework.cloud.client.loadbalancer.LoadBalancerClientsProperties' of type [org.springframework.cloud.client.loadbalancer.LoadBalancerClientsProperties] is not eligible for getting processed by all BeanPostProcessors (for example: not eligible for auto-proxying). Is this bean getting eagerly injected into a currently created BeanPostProcessor [lbRestClientPostProcessor]? Check the corresponding BeanPostProcessor declaration and its dependencies.
2025-06-06T12:17:16.821+05:30  WARN 16320 --- [user-service] [           main] trationDelegate$BeanPostProcessorChecker : Bean 'default.org.springframework.cloud.loadbalancer.config.LoadBalancerAutoConfiguration.LoadBalancerClientSpecification' of type [org.springframework.cloud.loadbalancer.annotation.LoadBalancerClientSpecification] is not eligible for getting processed by all BeanPostProcessors (for example: not eligible for auto-proxying). Is this bean getting eagerly injected into a currently created BeanPostProcessor [lbRestClientPostProcessor]? Check the corresponding BeanPostProcessor declaration and its dependencies.
2025-06-06T12:17:16.824+05:30  WARN 16320 --- [user-service] [           main] trationDelegate$BeanPostProcessorChecker : Bean 'default.org.springframework.cloud.loadbalancer.config.BlockingLoadBalancerClientAutoConfiguration.LoadBalancerClientSpecification' of type [org.springframework.cloud.loadbalancer.annotation.LoadBalancerClientSpecification] is not eligible for getting processed by all BeanPostProcessors (for example: not eligible for auto-proxying). Is this bean getting eagerly injected into a currently created BeanPostProcessor [lbRestClientPostProcessor]? Check the corresponding BeanPostProcessor declaration and its dependencies.
2025-06-06T12:17:16.826+05:30  WARN 16320 --- [user-service] [           main] trationDelegate$BeanPostProcessorChecker : Bean 'loadBalancerClientFactory' of type [org.springframework.cloud.loadbalancer.support.LoadBalancerClientFactory] is not eligible for getting processed by all BeanPostProcessors (for example: not eligible for auto-proxying). Is this bean getting eagerly injected into a currently created BeanPostProcessor [lbRestClientPostProcessor]? Check the corresponding BeanPostProcessor declaration and its dependencies.
2025-06-06T12:17:16.836+05:30  WARN 16320 --- [user-service] [           main] trationDelegate$BeanPostProcessorChecker : Bean 'blockingLoadBalancerClient' of type [org.springframework.cloud.loadbalancer.blocking.client.BlockingLoadBalancerClient] is not eligible for getting processed by all BeanPostProcessors (for example: not eligible for auto-proxying). Is this bean getting eagerly injected into a currently created BeanPostProcessor [lbRestClientPostProcessor]? Check the corresponding BeanPostProcessor declaration and its dependencies.
2025-06-06T12:17:16.845+05:30  WARN 16320 --- [user-service] [           main] trationDelegate$BeanPostProcessorChecker : Bean 'loadBalancerServiceInstanceCookieTransformer' of type [org.springframework.cloud.loadbalancer.core.LoadBalancerServiceInstanceCookieTransformer] is not eligible for getting processed by all BeanPostProcessors (for example: not eligible for auto-proxying). Is this bean getting eagerly injected into a currently created BeanPostProcessor [lbRestClientPostProcessor]? Check the corresponding BeanPostProcessor declaration and its dependencies.
2025-06-06T12:17:16.846+05:30  WARN 16320 --- [user-service] [           main] trationDelegate$BeanPostProcessorChecker : Bean 'xForwarderHeadersTransformer' of type [org.springframework.cloud.loadbalancer.blocking.XForwardedHeadersTransformer] is not eligible for getting processed by all BeanPostProcessors (for example: not eligible for auto-proxying). Is this bean getting eagerly injected into a currently created BeanPostProcessor [lbRestClientPostProcessor]? Check the corresponding BeanPostProcessor declaration and its dependencies.
2025-06-06T12:17:16.848+05:30  WARN 16320 --- [user-service] [           main] trationDelegate$BeanPostProcessorChecker : Bean 'org.springframework.cloud.client.loadbalancer.LoadBalancerAutoConfiguration' of type [org.springframework.cloud.client.loadbalancer.LoadBalancerAutoConfiguration] is not eligible for getting processed by all BeanPostProcessors (for example: not eligible for auto-proxying). Is this bean getting eagerly injected into a currently created BeanPostProcessor [lbRestClientPostProcessor]? Check the corresponding BeanPostProcessor declaration and its dependencies.
2025-06-06T12:17:16.849+05:30  WARN 16320 --- [user-service] [           main] trationDelegate$BeanPostProcessorChecker : Bean 'loadBalancerRequestFactory' of type [org.springframework.cloud.client.loadbalancer.LoadBalancerRequestFactory] is not eligible for getting processed by all BeanPostProcessors (for example: not eligible for auto-proxying). Is this bean getting eagerly injected into a currently created BeanPostProcessor [lbRestClientPostProcessor]? Check the corresponding BeanPostProcessor declaration and its dependencies.
2025-06-06T12:17:16.850+05:30  WARN 16320 --- [user-service] [           main] trationDelegate$BeanPostProcessorChecker : Bean 'loadBalancerInterceptor' of type [org.springframework.cloud.client.loadbalancer.LoadBalancerInterceptor] is not eligible for getting processed by all BeanPostProcessors (for example: not eligible for auto-proxying). Is this bean getting eagerly injected into a currently created BeanPostProcessor [lbRestClientPostProcessor]? Check the corresponding BeanPostProcessor declaration and its dependencies.
2025-06-06T12:17:17.098+05:30  INFO 16320 --- [user-service] [           main] o.hibernate.jpa.internal.util.LogHelper  : HHH000204: Processing PersistenceUnitInfo [name: default]
2025-06-06T12:17:17.262+05:30  INFO 16320 --- [user-service] [           main] org.hibernate.Version                    : HHH000412: Hibernate ORM core version 6.4.4.Final
2025-06-06T12:17:17.336+05:30  INFO 16320 --- [user-service] [           main] o.h.c.internal.RegionFactoryInitiator    : HHH000026: Second-level cache disabled
2025-06-06T12:17:17.655+05:30  INFO 16320 --- [user-service] [           main] o.s.o.j.p.SpringPersistenceUnitInfo      : No LoadTimeWeaver setup: ignoring JPA class transformer
2025-06-06T12:17:17.677+05:30  INFO 16320 --- [user-service] [           main] com.zaxxer.hikari.HikariDataSource       : HikariPool-1 - Starting...
2025-06-06T12:17:17.839+05:30  INFO 16320 --- [user-service] [           main] com.zaxxer.hikari.pool.HikariPool        : HikariPool-1 - Added connection conn0: url=jdbc:h2:mem:testdb user=SA
2025-06-06T12:17:17.841+05:30  INFO 16320 --- [user-service] [           main] com.zaxxer.hikari.HikariDataSource       : HikariPool-1 - Start completed.
2025-06-06T12:17:17.863+05:30  WARN 16320 --- [user-service] [           main] org.hibernate.orm.deprecation            : HHH90000025: H2Dialect does not need to be specified explicitly using 'hibernate.dialect' (remove the property setting and it will be selected by default)
2025-06-06T12:17:19.004+05:30  INFO 16320 --- [user-service] [           main] o.h.e.t.j.p.i.JtaPlatformInitiator       : HHH000489: No JTA platform available (set 'hibernate.transaction.jta.platform' to enable JTA platform integration)
2025-06-06T12:17:19.024+05:30 DEBUG 16320 --- [user-service] [           main] org.hibernate.SQL                        : 
    drop table if exists roles cascade 
Hibernate: 
    drop table if exists roles cascade 
2025-06-06T12:17:19.031+05:30 DEBUG 16320 --- [user-service] [           main] org.hibernate.SQL                        : 
    drop table if exists user_roles cascade 
Hibernate: 
    drop table if exists user_roles cascade 
2025-06-06T12:17:19.031+05:30 DEBUG 16320 --- [user-service] [           main] org.hibernate.SQL                        : 
    drop table if exists users cascade 
Hibernate: 
    drop table if exists users cascade 
2025-06-06T12:17:19.039+05:30 DEBUG 16320 --- [user-service] [           main] org.hibernate.SQL                        : 
    create table roles (
        created timestamp(6) not null,
        id bigint generated by default as identity,
        row_version bigint,
        updated timestamp(6),
        created_by varchar(255) not null,
        description varchar(255),
        name varchar(255) not null unique,
        updated_by varchar(255),
        primary key (id)
    )
Hibernate: 
    create table roles (
        created timestamp(6) not null,
        id bigint generated by default as identity,
        row_version bigint,
        updated timestamp(6),
        created_by varchar(255) not null,
        description varchar(255),
        name varchar(255) not null unique,
        updated_by varchar(255),
        primary key (id)
    )
2025-06-06T12:17:19.054+05:30 DEBUG 16320 --- [user-service] [           main] org.hibernate.SQL                        : 
    create table user_roles (
        role_id bigint not null,
        user_id bigint not null,
        primary key (role_id, user_id)
    )
Hibernate: 
    create table user_roles (
        role_id bigint not null,
        user_id bigint not null,
        primary key (role_id, user_id)
    )
2025-06-06T12:17:19.056+05:30 DEBUG 16320 --- [user-service] [           main] org.hibernate.SQL                        : 
    create table users (
        active boolean not null,
        created timestamp(6) not null,
        id bigint generated by default as identity,
        row_version bigint,
        updated timestamp(6),
        created_by varchar(255) not null,
        email varchar(255) not null,
        first_name varchar(255),
        last_name varchar(255),
        password varchar(255) not null,
        updated_by varchar(255),
        username varchar(255) not null unique,
        primary key (id)
    )
Hibernate: 
    create table users (
        active boolean not null,
        created timestamp(6) not null,
        id bigint generated by default as identity,
        row_version bigint,
        updated timestamp(6),
        created_by varchar(255) not null,
        email varchar(255) not null,
        first_name varchar(255),
        last_name varchar(255),
        password varchar(255) not null,
        updated_by varchar(255),
        username varchar(255) not null unique,
        primary key (id)
    )
2025-06-06T12:17:19.060+05:30 DEBUG 16320 --- [user-service] [           main] org.hibernate.SQL                        : 
    alter table if exists user_roles 
       add constraint FKh8ciramu9cc9q3qcqiv4ue8a6 
       foreign key (role_id) 
       references roles
Hibernate: 
    alter table if exists user_roles 
       add constraint FKh8ciramu9cc9q3qcqiv4ue8a6 
       foreign key (role_id) 
       references roles
2025-06-06T12:17:19.072+05:30 DEBUG 16320 --- [user-service] [           main] org.hibernate.SQL                        : 
    alter table if exists user_roles 
       add constraint FKhfh9dx7w3ubf1co1vdev94g3f 
       foreign key (user_id) 
       references users
Hibernate: 
    alter table if exists user_roles 
       add constraint FKhfh9dx7w3ubf1co1vdev94g3f 
       foreign key (user_id) 
       references users
2025-06-06T12:17:19.081+05:30  INFO 16320 --- [user-service] [           main] j.LocalContainerEntityManagerFactoryBean : Initialized JPA EntityManagerFactory for persistence unit 'default'
2025-06-06T12:17:20.932+05:30  WARN 16320 --- [user-service] [           main] JpaBaseConfiguration$JpaWebConfiguration : spring.jpa.open-in-view is enabled by default. Therefore, database queries may be performed during view rendering. Explicitly configure spring.jpa.open-in-view to disable this warning
2025-06-06T12:17:21.725+05:30  INFO 16320 --- [user-service] [           main] o.s.s.web.DefaultSecurityFilterChain     : Will secure any request with [org.springframework.security.web.session.DisableEncodeUrlFilter@1a5df070, org.springframework.security.web.context.request.async.WebAsyncManagerIntegrationFilter@1070308e, org.springframework.security.web.context.SecurityContextHolderFilter@45070db0, org.springframework.security.web.header.HeaderWriterFilter@264e0b8e, org.springframework.web.filter.CorsFilter@6eb8fd79, org.springframework.security.web.authentication.logout.LogoutFilter@5bc3c4e5, org.springframework.security.oauth2.server.resource.web.authentication.BearerTokenAuthenticationFilter@29fae990, org.springframework.security.web.savedrequest.RequestCacheAwareFilter@5a9ccbfb, org.springframework.security.web.servletapi.SecurityContextHolderAwareRequestFilter@6162d87c, org.springframework.security.web.authentication.AnonymousAuthenticationFilter@59b78925, org.springframework.security.web.access.ExceptionTranslationFilter@74239871, org.springframework.security.web.access.intercept.AuthorizationFilter@106277d6]
2025-06-06T12:17:22.698+05:30  INFO 16320 --- [user-service] [           main] o.s.b.t.m.w.SpringBootMockServletContext : Initializing Spring TestDispatcherServlet ''
2025-06-06T12:17:22.699+05:30  INFO 16320 --- [user-service] [           main] o.s.t.web.servlet.TestDispatcherServlet  : Initializing Servlet ''
2025-06-06T12:17:22.701+05:30  INFO 16320 --- [user-service] [           main] o.s.t.web.servlet.TestDispatcherServlet  : Completed initialization in 2 ms
2025-06-06T12:17:23.157+05:30  WARN 16320 --- [user-service] [           main] iguration$LoadBalancerCaffeineWarnLogger : Spring Cloud LoadBalancer is currently working with the default cache. While this cache implementation is useful for development and tests, it's recommended to use Caffeine cache in production.You can switch to using Caffeine cache, by adding it and org.springframework.cache.caffeine.CaffeineCacheManager to the classpath.
2025-06-06T12:17:23.287+05:30  INFO 16320 --- [user-service] [           main] c.e.u.c.UserControllerIntegrationTest    : Started UserControllerIntegrationTest in 12.186 seconds (process running for 13.538)
2025-06-06T12:17:24.139+05:30 DEBUG 16320 --- [user-service] [           main] org.hibernate.SQL                        : 
    select
        u1_0.id,
        u1_0.active,
        u1_0.created,
        u1_0.created_by,
        u1_0.email,
        u1_0.first_name,
        u1_0.last_name,
        u1_0.password,
        u1_0.row_version,
        u1_0.updated,
        u1_0.updated_by,
        u1_0.username 
    from
        users u1_0
Hibernate: 
    select
        u1_0.id,
        u1_0.active,
        u1_0.created,
        u1_0.created_by,
        u1_0.email,
        u1_0.first_name,
        u1_0.last_name,
        u1_0.password,
        u1_0.row_version,
        u1_0.updated,
        u1_0.updated_by,
        u1_0.username 
    from
        users u1_0
2025-06-06T12:17:24.161+05:30 DEBUG 16320 --- [user-service] [           main] org.hibernate.SQL                        : 
    select
        r1_0.id,
        r1_0.created,
        r1_0.created_by,
        r1_0.description,
        r1_0.name,
        r1_0.row_version,
        r1_0.updated,
        r1_0.updated_by 
    from
        roles r1_0
Hibernate: 
    select
        r1_0.id,
        r1_0.created,
        r1_0.created_by,
        r1_0.description,
        r1_0.name,
        r1_0.row_version,
        r1_0.updated,
        r1_0.updated_by 
    from
        roles r1_0
2025-06-06T12:17:24.216+05:30 DEBUG 16320 --- [user-service] [           main] org.hibernate.SQL                        : 
    insert 
    into
        roles
        (created, created_by, description, name, row_version, updated, updated_by, id) 
    values
        (?, ?, ?, ?, ?, ?, ?, default)
Hibernate: 
    insert 
    into
        roles
        (created, created_by, description, name, row_version, updated, updated_by, id) 
    values
        (?, ?, ?, ?, ?, ?, ?, default)
2025-06-06T12:17:24.233+05:30 DEBUG 16320 --- [user-service] [           main] org.hibernate.SQL                        : 
    insert 
    into
        users
        (active, created, created_by, email, first_name, last_name, password, row_version, updated, updated_by, username, id) 
    values
        (?, ?, ?, ?, ?, ?, ?, ?, ?, ?, ?, default)
Hibernate: 
    insert 
    into
        users
        (active, created, created_by, email, first_name, last_name, password, row_version, updated, updated_by, username, id) 
    values
        (?, ?, ?, ?, ?, ?, ?, ?, ?, ?, ?, default)
2025-06-06T12:17:24.352+05:30 DEBUG 16320 --- [user-service] [           main] org.hibernate.SQL                        : 
    select
        r1_0.id 
    from
        roles r1_0 
    where
        r1_0.name=? 
    fetch
        first ? rows only
Hibernate: 
    select
        r1_0.id 
    from
        roles r1_0 
    where
        r1_0.name=? 
    fetch
        first ? rows only
2025-06-06T12:17:24.354+05:30 DEBUG 16320 --- [user-service] [           main] org.hibernate.SQL                        : 
    insert 
    into
        roles
        (created, created_by, description, name, row_version, updated, updated_by, id) 
    values
        (?, ?, ?, ?, ?, ?, ?, default)
Hibernate: 
    insert 
    into
        roles
        (created, created_by, description, name, row_version, updated, updated_by, id) 
    values
        (?, ?, ?, ?, ?, ?, ?, default)
]]></system-out>
    <system-err><![CDATA[WARNING: A Java agent has been loaded dynamically (C:\Users\fredrick.gnanaraj\.m2\repository\net\bytebuddy\byte-buddy-agent\1.14.12\byte-buddy-agent-1.14.12.jar)
WARNING: If a serviceability tool is in use, please run with -XX:+EnableDynamicAgentLoading to hide this warning
WARNING: If a serviceability tool is not in use, please run with -Djdk.instrument.traceUsage for more information
WARNING: Dynamic loading of agents will be disallowed by default in a future release
]]></system-err>
  </testcase>
  <testcase name="getAllUsers_Success" classname="com.example.userroleservice.controller.UserControllerIntegrationTest" time="0.037">
    <system-out><![CDATA[2025-06-06T12:17:24.848+05:30 DEBUG 16320 --- [user-service] [           main] org.hibernate.SQL                        : 
    select
        u1_0.id,
        u1_0.active,
        u1_0.created,
        u1_0.created_by,
        u1_0.email,
        u1_0.first_name,
        u1_0.last_name,
        u1_0.password,
        u1_0.row_version,
        u1_0.updated,
        u1_0.updated_by,
        u1_0.username 
    from
        users u1_0
Hibernate: 
    select
        u1_0.id,
        u1_0.active,
        u1_0.created,
        u1_0.created_by,
        u1_0.email,
        u1_0.first_name,
        u1_0.last_name,
        u1_0.password,
        u1_0.row_version,
        u1_0.updated,
        u1_0.updated_by,
        u1_0.username 
    from
        users u1_0
2025-06-06T12:17:24.850+05:30 DEBUG 16320 --- [user-service] [           main] org.hibernate.SQL                        : 
    select
        r1_0.id,
        r1_0.created,
        r1_0.created_by,
        r1_0.description,
        r1_0.name,
        r1_0.row_version,
        r1_0.updated,
        r1_0.updated_by 
    from
        roles r1_0
Hibernate: 
    select
        r1_0.id,
        r1_0.created,
        r1_0.created_by,
        r1_0.description,
        r1_0.name,
        r1_0.row_version,
        r1_0.updated,
        r1_0.updated_by 
    from
        roles r1_0
2025-06-06T12:17:24.851+05:30 DEBUG 16320 --- [user-service] [           main] org.hibernate.SQL                        : 
    insert 
    into
        roles
        (created, created_by, description, name, row_version, updated, updated_by, id) 
    values
        (?, ?, ?, ?, ?, ?, ?, default)
Hibernate: 
    insert 
    into
        roles
        (created, created_by, description, name, row_version, updated, updated_by, id) 
    values
        (?, ?, ?, ?, ?, ?, ?, default)
2025-06-06T12:17:24.853+05:30 DEBUG 16320 --- [user-service] [           main] org.hibernate.SQL                        : 
    insert 
    into
        users
        (active, created, created_by, email, first_name, last_name, password, row_version, updated, updated_by, username, id) 
    values
        (?, ?, ?, ?, ?, ?, ?, ?, ?, ?, ?, default)
Hibernate: 
    insert 
    into
        users
        (active, created, created_by, email, first_name, last_name, password, row_version, updated, updated_by, username, id) 
    values
        (?, ?, ?, ?, ?, ?, ?, ?, ?, ?, ?, default)
2025-06-06T12:17:24.858+05:30 DEBUG 16320 --- [user-service] [           main] org.hibernate.SQL                        : 
    select
        u1_0.id,
        u1_0.active,
        u1_0.created,
        u1_0.created_by,
        u1_0.email,
        u1_0.first_name,
        u1_0.last_name,
        u1_0.password,
        u1_0.row_version,
        u1_0.updated,
        u1_0.updated_by,
        u1_0.username 
    from
        users u1_0
Hibernate: 
    select
        u1_0.id,
        u1_0.active,
        u1_0.created,
        u1_0.created_by,
        u1_0.email,
        u1_0.first_name,
        u1_0.last_name,
        u1_0.password,
        u1_0.row_version,
        u1_0.updated,
        u1_0.updated_by,
        u1_0.username 
    from
        users u1_0
]]></system-out>
  </testcase>
  <testcase name="createUser_Success" classname="com.example.userroleservice.controller.UserControllerIntegrationTest" time="0.157">
    <system-out><![CDATA[2025-06-06T12:17:24.887+05:30 DEBUG 16320 --- [user-service] [           main] org.hibernate.SQL                        : 
    select
        u1_0.id,
        u1_0.active,
        u1_0.created,
        u1_0.created_by,
        u1_0.email,
        u1_0.first_name,
        u1_0.last_name,
        u1_0.password,
        u1_0.row_version,
        u1_0.updated,
        u1_0.updated_by,
        u1_0.username 
    from
        users u1_0
Hibernate: 
    select
        u1_0.id,
        u1_0.active,
        u1_0.created,
        u1_0.created_by,
        u1_0.email,
        u1_0.first_name,
        u1_0.last_name,
        u1_0.password,
        u1_0.row_version,
        u1_0.updated,
        u1_0.updated_by,
        u1_0.username 
    from
        users u1_0
2025-06-06T12:17:24.892+05:30 DEBUG 16320 --- [user-service] [           main] org.hibernate.SQL                        : 
    select
        r1_0.id,
        r1_0.created,
        r1_0.created_by,
        r1_0.description,
        r1_0.name,
        r1_0.row_version,
        r1_0.updated,
        r1_0.updated_by 
    from
        roles r1_0
Hibernate: 
    select
        r1_0.id,
        r1_0.created,
        r1_0.created_by,
        r1_0.description,
        r1_0.name,
        r1_0.row_version,
        r1_0.updated,
        r1_0.updated_by 
    from
        roles r1_0
2025-06-06T12:17:24.894+05:30 DEBUG 16320 --- [user-service] [           main] org.hibernate.SQL                        : 
    insert 
    into
        roles
        (created, created_by, description, name, row_version, updated, updated_by, id) 
    values
        (?, ?, ?, ?, ?, ?, ?, default)
Hibernate: 
    insert 
    into
        roles
        (created, created_by, description, name, row_version, updated, updated_by, id) 
    values
        (?, ?, ?, ?, ?, ?, ?, default)
2025-06-06T12:17:24.896+05:30 DEBUG 16320 --- [user-service] [           main] org.hibernate.SQL                        : 
    insert 
    into
        users
        (active, created, created_by, email, first_name, last_name, password, row_version, updated, updated_by, username, id) 
    values
        (?, ?, ?, ?, ?, ?, ?, ?, ?, ?, ?, default)
Hibernate: 
    insert 
    into
        users
        (active, created, created_by, email, first_name, last_name, password, row_version, updated, updated_by, username, id) 
    values
        (?, ?, ?, ?, ?, ?, ?, ?, ?, ?, ?, default)
2025-06-06T12:17:24.926+05:30 DEBUG 16320 --- [user-service] [           main] org.hibernate.SQL                        : 
    select
        u1_0.id 
    from
        users u1_0 
    where
        u1_0.username=? 
    fetch
        first ? rows only
Hibernate: 
    select
        u1_0.id 
    from
        users u1_0 
    where
        u1_0.username=? 
    fetch
        first ? rows only
2025-06-06T12:17:24.929+05:30 DEBUG 16320 --- [user-service] [           main] org.hibernate.SQL                        : 
    select
        u1_0.id 
    from
        users u1_0 
    where
        u1_0.email=? 
    fetch
        first ? rows only
Hibernate: 
    select
        u1_0.id 
    from
        users u1_0 
    where
        u1_0.email=? 
    fetch
        first ? rows only
2025-06-06T12:17:25.025+05:30 DEBUG 16320 --- [user-service] [           main] org.hibernate.SQL                        : 
    select
        r1_0.id,
        r1_0.created,
        r1_0.created_by,
        r1_0.description,
        r1_0.name,
        r1_0.row_version,
        r1_0.updated,
        r1_0.updated_by 
    from
        roles r1_0 
    where
        r1_0.id in (?)
Hibernate: 
    select
        r1_0.id,
        r1_0.created,
        r1_0.created_by,
        r1_0.description,
        r1_0.name,
        r1_0.row_version,
        r1_0.updated,
        r1_0.updated_by 
    from
        roles r1_0 
    where
        r1_0.id in (?)
2025-06-06T12:17:25.026+05:30 DEBUG 16320 --- [user-service] [           main] org.hibernate.SQL                        : 
    insert 
    into
        users
        (active, created, created_by, email, first_name, last_name, password, row_version, updated, updated_by, username, id) 
    values
        (?, ?, ?, ?, ?, ?, ?, ?, ?, ?, ?, default)
Hibernate: 
    insert 
    into
        users
        (active, created, created_by, email, first_name, last_name, password, row_version, updated, updated_by, username, id) 
    values
        (?, ?, ?, ?, ?, ?, ?, ?, ?, ?, ?, default)
]]></system-out>
  </testcase>
  <testcase name="getUserById_Success" classname="com.example.userroleservice.controller.UserControllerIntegrationTest" time="0.043">
    <system-out><![CDATA[2025-06-06T12:17:25.043+05:30 DEBUG 16320 --- [user-service] [           main] org.hibernate.SQL                        : 
    select
        u1_0.id,
        u1_0.active,
        u1_0.created,
        u1_0.created_by,
        u1_0.email,
        u1_0.first_name,
        u1_0.last_name,
        u1_0.password,
        u1_0.row_version,
        u1_0.updated,
        u1_0.updated_by,
        u1_0.username 
    from
        users u1_0
Hibernate: 
    select
        u1_0.id,
        u1_0.active,
        u1_0.created,
        u1_0.created_by,
        u1_0.email,
        u1_0.first_name,
        u1_0.last_name,
        u1_0.password,
        u1_0.row_version,
        u1_0.updated,
        u1_0.updated_by,
        u1_0.username 
    from
        users u1_0
2025-06-06T12:17:25.046+05:30 DEBUG 16320 --- [user-service] [           main] org.hibernate.SQL                        : 
    select
        r1_0.id,
        r1_0.created,
        r1_0.created_by,
        r1_0.description,
        r1_0.name,
        r1_0.row_version,
        r1_0.updated,
        r1_0.updated_by 
    from
        roles r1_0
Hibernate: 
    select
        r1_0.id,
        r1_0.created,
        r1_0.created_by,
        r1_0.description,
        r1_0.name,
        r1_0.row_version,
        r1_0.updated,
        r1_0.updated_by 
    from
        roles r1_0
2025-06-06T12:17:25.049+05:30 DEBUG 16320 --- [user-service] [           main] org.hibernate.SQL                        : 
    insert 
    into
        roles
        (created, created_by, description, name, row_version, updated, updated_by, id) 
    values
        (?, ?, ?, ?, ?, ?, ?, default)
Hibernate: 
    insert 
    into
        roles
        (created, created_by, description, name, row_version, updated, updated_by, id) 
    values
        (?, ?, ?, ?, ?, ?, ?, default)
2025-06-06T12:17:25.050+05:30 DEBUG 16320 --- [user-service] [           main] org.hibernate.SQL                        : 
    insert 
    into
        users
        (active, created, created_by, email, first_name, last_name, password, row_version, updated, updated_by, username, id) 
    values
        (?, ?, ?, ?, ?, ?, ?, ?, ?, ?, ?, default)
Hibernate: 
    insert 
    into
        users
        (active, created, created_by, email, first_name, last_name, password, row_version, updated, updated_by, username, id) 
    values
        (?, ?, ?, ?, ?, ?, ?, ?, ?, ?, ?, default)
]]></system-out>
  </testcase>
  <testcase name="deleteUser_Success" classname="com.example.userroleservice.controller.UserControllerIntegrationTest" time="0.337">
    <system-out><![CDATA[2025-06-06T12:17:25.086+05:30 DEBUG 16320 --- [user-service] [           main] org.hibernate.SQL                        : 
    select
        u1_0.id,
        u1_0.active,
        u1_0.created,
        u1_0.created_by,
        u1_0.email,
        u1_0.first_name,
        u1_0.last_name,
        u1_0.password,
        u1_0.row_version,
        u1_0.updated,
        u1_0.updated_by,
        u1_0.username 
    from
        users u1_0
Hibernate: 
    select
        u1_0.id,
        u1_0.active,
        u1_0.created,
        u1_0.created_by,
        u1_0.email,
        u1_0.first_name,
        u1_0.last_name,
        u1_0.password,
        u1_0.row_version,
        u1_0.updated,
        u1_0.updated_by,
        u1_0.username 
    from
        users u1_0
2025-06-06T12:17:25.088+05:30 DEBUG 16320 --- [user-service] [           main] org.hibernate.SQL                        : 
    select
        r1_0.id,
        r1_0.created,
        r1_0.created_by,
        r1_0.description,
        r1_0.name,
        r1_0.row_version,
        r1_0.updated,
        r1_0.updated_by 
    from
        roles r1_0
Hibernate: 
    select
        r1_0.id,
        r1_0.created,
        r1_0.created_by,
        r1_0.description,
        r1_0.name,
        r1_0.row_version,
        r1_0.updated,
        r1_0.updated_by 
    from
        roles r1_0
2025-06-06T12:17:25.089+05:30 DEBUG 16320 --- [user-service] [           main] org.hibernate.SQL                        : 
    insert 
    into
        roles
        (created, created_by, description, name, row_version, updated, updated_by, id) 
    values
        (?, ?, ?, ?, ?, ?, ?, default)
Hibernate: 
    insert 
    into
        roles
        (created, created_by, description, name, row_version, updated, updated_by, id) 
    values
        (?, ?, ?, ?, ?, ?, ?, default)
2025-06-06T12:17:25.095+05:30 DEBUG 16320 --- [user-service] [           main] org.hibernate.SQL                        : 
    insert 
    into
        users
        (active, created, created_by, email, first_name, last_name, password, row_version, updated, updated_by, username, id) 
    values
        (?, ?, ?, ?, ?, ?, ?, ?, ?, ?, ?, default)
Hibernate: 
    insert 
    into
        users
        (active, created, created_by, email, first_name, last_name, password, row_version, updated, updated_by, username, id) 
    values
        (?, ?, ?, ?, ?, ?, ?, ?, ?, ?, ?, default)
2025-06-06T12:17:25.382+05:30 DEBUG 16320 --- [user-service] [           main] org.hibernate.SQL                        : 
    select
        count(*) 
    from
        users u1_0 
    where
        u1_0.id=?
Hibernate: 
    select
        count(*) 
    from
        users u1_0 
    where
        u1_0.id=?
]]></system-out>
  </testcase>
  <testcase name="assignRoles_Success" classname="com.example.userroleservice.controller.UserControllerIntegrationTest" time="0.025">
    <system-out><![CDATA[2025-06-06T12:17:25.424+05:30 DEBUG 16320 --- [user-service] [           main] org.hibernate.SQL                        : 
    select
        u1_0.id,
        u1_0.active,
        u1_0.created,
        u1_0.created_by,
        u1_0.email,
        u1_0.first_name,
        u1_0.last_name,
        u1_0.password,
        u1_0.row_version,
        u1_0.updated,
        u1_0.updated_by,
        u1_0.username 
    from
        users u1_0
Hibernate: 
    select
        u1_0.id,
        u1_0.active,
        u1_0.created,
        u1_0.created_by,
        u1_0.email,
        u1_0.first_name,
        u1_0.last_name,
        u1_0.password,
        u1_0.row_version,
        u1_0.updated,
        u1_0.updated_by,
        u1_0.username 
    from
        users u1_0
2025-06-06T12:17:25.427+05:30 DEBUG 16320 --- [user-service] [           main] org.hibernate.SQL                        : 
    select
        r1_0.id,
        r1_0.created,
        r1_0.created_by,
        r1_0.description,
        r1_0.name,
        r1_0.row_version,
        r1_0.updated,
        r1_0.updated_by 
    from
        roles r1_0
Hibernate: 
    select
        r1_0.id,
        r1_0.created,
        r1_0.created_by,
        r1_0.description,
        r1_0.name,
        r1_0.row_version,
        r1_0.updated,
        r1_0.updated_by 
    from
        roles r1_0
2025-06-06T12:17:25.428+05:30 DEBUG 16320 --- [user-service] [           main] org.hibernate.SQL                        : 
    insert 
    into
        roles
        (created, created_by, description, name, row_version, updated, updated_by, id) 
    values
        (?, ?, ?, ?, ?, ?, ?, default)
Hibernate: 
    insert 
    into
        roles
        (created, created_by, description, name, row_version, updated, updated_by, id) 
    values
        (?, ?, ?, ?, ?, ?, ?, default)
2025-06-06T12:17:25.429+05:30 DEBUG 16320 --- [user-service] [           main] org.hibernate.SQL                        : 
    insert 
    into
        users
        (active, created, created_by, email, first_name, last_name, password, row_version, updated, updated_by, username, id) 
    values
        (?, ?, ?, ?, ?, ?, ?, ?, ?, ?, ?, default)
Hibernate: 
    insert 
    into
        users
        (active, created, created_by, email, first_name, last_name, password, row_version, updated, updated_by, username, id) 
    values
        (?, ?, ?, ?, ?, ?, ?, ?, ?, ?, ?, default)
2025-06-06T12:17:25.430+05:30 DEBUG 16320 --- [user-service] [           main] org.hibernate.SQL                        : 
    insert 
    into
        roles
        (created, created_by, description, name, row_version, updated, updated_by, id) 
    values
        (?, ?, ?, ?, ?, ?, ?, default)
Hibernate: 
    insert 
    into
        roles
        (created, created_by, description, name, row_version, updated, updated_by, id) 
    values
        (?, ?, ?, ?, ?, ?, ?, default)
2025-06-06T12:17:25.437+05:30 DEBUG 16320 --- [user-service] [           main] org.hibernate.SQL                        : 
    select
        r1_0.id,
        r1_0.created,
        r1_0.created_by,
        r1_0.description,
        r1_0.name,
        r1_0.row_version,
        r1_0.updated,
        r1_0.updated_by 
    from
        roles r1_0 
    where
        r1_0.id in (?, ?)
Hibernate: 
    select
        r1_0.id,
        r1_0.created,
        r1_0.created_by,
        r1_0.description,
        r1_0.name,
        r1_0.row_version,
        r1_0.updated,
        r1_0.updated_by 
    from
        roles r1_0 
    where
        r1_0.id in (?, ?)
]]></system-out>
  </testcase>
</testsuite>